<?xml version="1.0" encoding="UTF-8"?>
<testng-results ignored="0" total="1" passed="1" failed="0" skipped="0">
  <reporter-output>
  </reporter-output>
  <suite started-at="2021-05-30T15:03:39 IST" name="Suite" finished-at="2021-05-30T15:03:56 IST" duration-ms="17296">
    <groups>
    </groups>
    <test started-at="2021-05-30T15:03:39 IST" name="Test" finished-at="2021-05-30T15:03:56 IST" duration-ms="17296">
      <class name="TestCase.TC_01">
        <test-method signature="TC_01_Verify()[pri:0, instance:TestCase.TC_01@363ee3a2]" started-at="2021-05-30T15:03:39 IST" name="TC_01_Verify" finished-at="2021-05-30T15:03:56 IST" duration-ms="17228" status="PASS">
          <reporter-output>
          </reporter-output>
        </test-method> <!-- TC_01_Verify -->
      </class> <!-- TestCase.TC_01 -->
    </test> <!-- Test -->
  </suite> <!-- Suite -->
</testng-results>
